[p.w3layouts.com/demos_new/template_demo/26-03-2020/freaky-liberty-demo_Free/549348864/web/index.html]
[backblue.gif]
[fade.gif]
[index.html]
[m.servedby-buysellads.com/monetization.js]
[p.w3layouts.com/demos_new/template_demo/26-03-2020/freaky-liberty-demo_Free/549348864/web/assets/css/style-liberty.css]
[p.w3layouts.com/js/autotrack.js]
[p.w3layouts.com/assests/css/font-awesome.min.css]
[p.w3layouts.com/demos_new/template_demo/26-03-2020/freaky-liberty-demo_Free/549348864/web/about.html]
[p.w3layouts.com/demos_new/template_demo/26-03-2020/freaky-liberty-demo_Free/549348864/web/services.html]
[p.w3layouts.com/demos_new/template_demo/26-03-2020/freaky-liberty-demo_Free/549348864/web/blog.html]
[p.w3layouts.com/demos_new/template_demo/26-03-2020/freaky-liberty-demo_Free/549348864/web/blog-single.html]
[p.w3layouts.com/demos_new/template_demo/26-03-2020/freaky-liberty-demo_Free/549348864/web/contact.html]
[p.w3layouts.com/demos_new/template_demo/26-03-2020/freaky-liberty-demo_Free/549348864/web/assets/images/ab.jpg]
[p.w3layouts.com/demos_new/template_demo/26-03-2020/freaky-liberty-demo_Free/549348864/web/assets/images/g1.jpg]
[p.w3layouts.com/demos_new/template_demo/26-03-2020/freaky-liberty-demo_Free/549348864/web/assets/images/g2.jpg]
[p.w3layouts.com/demos_new/template_demo/26-03-2020/freaky-liberty-demo_Free/549348864/web/assets/images/g3.jpg]
[p.w3layouts.com/demos_new/template_demo/26-03-2020/freaky-liberty-demo_Free/549348864/web/assets/images/g4.jpg]
[p.w3layouts.com/demos_new/template_demo/26-03-2020/freaky-liberty-demo_Free/549348864/web/assets/images/1.jpg]
[p.w3layouts.com/demos_new/template_demo/26-03-2020/freaky-liberty-demo_Free/549348864/web/assets/images/2.jpg]
[p.w3layouts.com/demos_new/template_demo/26-03-2020/freaky-liberty-demo_Free/549348864/web/assets/images/3.jpg]
[p.w3layouts.com/demos_new/template_demo/26-03-2020/freaky-liberty-demo_Free/549348864/web/assets/images/team2.jpg]
[p.w3layouts.com/demos_new/template_demo/26-03-2020/freaky-liberty-demo_Free/549348864/web/assets/images/team3.jpg]
[p.w3layouts.com/demos_new/template_demo/26-03-2020/freaky-liberty-demo_Free/549348864/web/assets/images/team1.jpg]
[a.vdo.ai/core/v-w3layouts/vdo.ai.js]
[p.w3layouts.com/demos_new/template_demo/26-03-2020/freaky-liberty-demo_Free/549348864/web/assets/js/jquery-3.3.1.min.js]
[p.w3layouts.com/demos_new/template_demo/26-03-2020/freaky-liberty-demo_Free/549348864/web/assets/js/owl.carousel1.js]
[p.w3layouts.com/demos_new/template_demo/26-03-2020/freaky-liberty-demo_Free/549348864/web/assets/js/jquery-1.7.2.js]
[p.w3layouts.com/demos_new/template_demo/26-03-2020/freaky-liberty-demo_Free/549348864/web/assets/js/jquery.quicksand.js]
[p.w3layouts.com/demos_new/template_demo/26-03-2020/freaky-liberty-demo_Free/549348864/web/assets/js/script.js]
[p.w3layouts.com/demos_new/template_demo/26-03-2020/freaky-liberty-demo_Free/549348864/web/assets/js/jquery.prettyPhoto.js]
[p.w3layouts.com/demos_new/template_demo/26-03-2020/freaky-liberty-demo_Free/549348864/web/index.html]
[p.w3layouts.com/demos_new/template_demo/26-03-2020/freaky-liberty-demo_Free/549348864/web/assets/js/bootstrap.min.js]
[p.w3layouts.com/demos_new/template_demo/26-03-2020/freaky-liberty-demo_Free/549348864/web/assets/fonts/fontawesome-webfont3e6e.eot]
[p.w3layouts.com/demos_new/template_demo/26-03-2020/freaky-liberty-demo_Free/549348864/web/assets/fonts/fontawesome-webfontd41d.eot]
[p.w3layouts.com/demos_new/template_demo/26-03-2020/freaky-liberty-demo_Free/549348864/web/assets/fonts/fontawesome-webfont3e6e.woff2]
[p.w3layouts.com/demos_new/template_demo/26-03-2020/freaky-liberty-demo_Free/549348864/web/assets/fonts/fontawesome-webfont3e6e.woff]
[p.w3layouts.com/demos_new/template_demo/26-03-2020/freaky-liberty-demo_Free/549348864/web/assets/fonts/fontawesome-webfont3e6e.ttf]
[p.w3layouts.com/demos_new/template_demo/26-03-2020/freaky-liberty-demo_Free/549348864/web/assets/fonts/fontawesome-webfont3e6e.svg]
[p.w3layouts.com/demos_new/template_demo/26-03-2020/freaky-liberty-demo_Free/549348864/web/assets/images/banner2.jpg]
[p.w3layouts.com/demos_new/template_demo/26-03-2020/freaky-liberty-demo_Free/549348864/web/assets/images/dots.png]
[p.w3layouts.com/demos_new/template_demo/26-03-2020/freaky-liberty-demo_Free/549348864/web/assets/images/sprite.png]
[p.w3layouts.com/demos_new/template_demo/26-03-2020/freaky-liberty-demo_Free/549348864/web/assets/images/btnNext.png]
[p.w3layouts.com/demos_new/template_demo/26-03-2020/freaky-liberty-demo_Free/549348864/web/assets/images/btnPrevious.png]
[p.w3layouts.com/demos_new/template_demo/26-03-2020/freaky-liberty-demo_Free/549348864/web/assets/images/loader.gif]
[p.w3layouts.com/demos_new/template_demo/26-03-2020/freaky-liberty-demo_Free/549348864/web/assets/images/prettyPhoto/dark_rounded/sprite.png]
[p.w3layouts.com/demos_new/template_demo/26-03-2020/freaky-liberty-demo_Free/549348864/web/assets/images/prettyPhoto/dark_rounded/contentPattern.png]
[p.w3layouts.com/demos_new/template_demo/26-03-2020/freaky-liberty-demo_Free/549348864/web/assets/images/prettyPhoto/dark_rounded/btnNext.png]
[p.w3layouts.com/demos_new/template_demo/26-03-2020/freaky-liberty-demo_Free/549348864/web/assets/images/prettyPhoto/dark_rounded/btnPrevious.png]
[p.w3layouts.com/demos_new/template_demo/26-03-2020/freaky-liberty-demo_Free/549348864/web/assets/images/prettyPhoto/dark_rounded/loader.gif]
[p.w3layouts.com/demos_new/template_demo/26-03-2020/freaky-liberty-demo_Free/549348864/web/assets/images/prettyPhoto/dark_square/contentPattern.png]
[p.w3layouts.com/demos_new/template_demo/26-03-2020/freaky-liberty-demo_Free/549348864/web/assets/images/prettyPhoto/dark_square/sprite.png]
[p.w3layouts.com/demos_new/template_demo/26-03-2020/freaky-liberty-demo_Free/549348864/web/assets/images/prettyPhoto/dark_square/btnNext.png]
[p.w3layouts.com/demos_new/template_demo/26-03-2020/freaky-liberty-demo_Free/549348864/web/assets/images/prettyPhoto/dark_square/btnPrevious.png]
[p.w3layouts.com/demos_new/template_demo/26-03-2020/freaky-liberty-demo_Free/549348864/web/assets/images/prettyPhoto/light_square/sprite.png]
[p.w3layouts.com/demos_new/template_demo/26-03-2020/freaky-liberty-demo_Free/549348864/web/assets/images/prettyPhoto/light_square/btnNext.png]
[p.w3layouts.com/demos_new/template_demo/26-03-2020/freaky-liberty-demo_Free/549348864/web/assets/images/prettyPhoto/light_square/btnPrevious.png]
[p.w3layouts.com/demos_new/template_demo/26-03-2020/freaky-liberty-demo_Free/549348864/web/assets/images/prettyPhoto/facebook/sprite.png]
[p.w3layouts.com/demos_new/template_demo/26-03-2020/freaky-liberty-demo_Free/549348864/web/assets/images/prettyPhoto/facebook/contentPatternTop.png]
[p.w3layouts.com/demos_new/template_demo/26-03-2020/freaky-liberty-demo_Free/549348864/web/assets/images/prettyPhoto/facebook/contentPatternLeft.png]
[p.w3layouts.com/demos_new/template_demo/26-03-2020/freaky-liberty-demo_Free/549348864/web/assets/images/prettyPhoto/facebook/contentPatternRight.png]
[p.w3layouts.com/demos_new/template_demo/26-03-2020/freaky-liberty-demo_Free/549348864/web/assets/images/prettyPhoto/facebook/loader.gif]
[p.w3layouts.com/demos_new/template_demo/26-03-2020/freaky-liberty-demo_Free/549348864/web/assets/images/prettyPhoto/facebook/btnNext.png]
[p.w3layouts.com/demos_new/template_demo/26-03-2020/freaky-liberty-demo_Free/549348864/web/assets/images/prettyPhoto/facebook/btnPrevious.png]
[p.w3layouts.com/demos_new/template_demo/26-03-2020/freaky-liberty-demo_Free/549348864/web/assets/images/prettyPhoto/facebook/contentPatternBottom.png]
[p.w3layouts.com/demos_new/template_demo/26-03-2020/freaky-liberty-demo_Free/549348864/web/assets/images/prettyPhoto/facebook/default_thumbnail.gif]
[p.w3layouts.com/demos_new/template_demo/26-03-2020/freaky-liberty-demo_Free/549348864/web/assets/css/owl.video.play.png]
[p.w3layouts.com/demos_new/template_demo/26-03-2020/freaky-liberty-demo_Free/549348864/web/assets/images/banner3.jpg]
[p.w3layouts.com/demos_new/template_demo/26-03-2020/freaky-liberty-demo_Free/549348864/web/assets/images/services.jpg]
[p.w3layouts.com/demos_new/template_demo/26-03-2020/freaky-liberty-demo_Free/549348864/web/assets/images/clients.jpg]
[p.w3layouts.com/demos_new/template_demo/26-03-2020/freaky-liberty-demo_Free/549348864/web/assets/css/style-liberty.css]
[p.w3layouts.com/assests/css/font-awesome.min.css]
[p.w3layouts.com/demos_new/template_demo/26-03-2020/freaky-liberty-demo_Free/549348864/web/assets/images/g5.jpg]
[p.w3layouts.com/demos_new/template_demo/26-03-2020/freaky-liberty-demo_Free/549348864/web/about.html]
[p.w3layouts.com/demos_new/template_demo/26-03-2020/freaky-liberty-demo_Free/549348864/web/assets/images/serve.jpg]
[p.w3layouts.com/demos_new/template_demo/26-03-2020/freaky-liberty-demo_Free/549348864/web/assets/js/jquery.waypoints.min.js]
[p.w3layouts.com/demos_new/template_demo/26-03-2020/freaky-liberty-demo_Free/549348864/web/services.html]
[p.w3layouts.com/demos_new/template_demo/26-03-2020/freaky-liberty-demo_Free/549348864/web/assets/js/jquery.countup.js]
[p.w3layouts.com/demos_new/template_demo/26-03-2020/freaky-liberty-demo_Free/549348864/web/assets/images/4.jpg]
[p.w3layouts.com/demos_new/template_demo/26-03-2020/freaky-liberty-demo_Free/549348864/web/assets/images/g6.jpg]
[p.w3layouts.com/demos_new/template_demo/26-03-2020/freaky-liberty-demo_Free/549348864/web/blog.html]
[p.w3layouts.com/demos_new/template_demo/26-03-2020/freaky-liberty-demo_Free/549348864/web/assets/images/admin.jpg]
[p.w3layouts.com/demos_new/template_demo/26-03-2020/freaky-liberty-demo_Free/549348864/web/blog-single.html]
[p.w3layouts.com/demos_new/template_demo/26-03-2020/freaky-liberty-demo_Free/549348864/web/assets/js/aos.js]
[p.w3layouts.com/demos_new/template_demo/26-03-2020/freaky-liberty-demo_Free/549348864/web/assets/js/aosindex.js]
[p.w3layouts.com/demos_new/template_demo/26-03-2020/freaky-liberty-demo_Free/549348864/web/contact.html]
[p.w3layouts.com/demos_new/template_demo/26-03-2020/freaky-liberty-demo_Free/549348864/web/assets/fonts/fontawesome-webfont3e6e.svg]
[p.w3layouts.com/demos_new/template_demo/26-03-2020/freaky-liberty-demo_Free/549348864/web/assets/images/btnNext.html]
[p.w3layouts.com/demos_new/template_demo/26-03-2020/freaky-liberty-demo_Free/549348864/web/assets/images/btnPrevious.html]
[p.w3layouts.com/demos_new/template_demo/26-03-2020/freaky-liberty-demo_Free/549348864/web/assets/images/loader.html]
[p.w3layouts.com/demos_new/template_demo/26-03-2020/freaky-liberty-demo_Free/549348864/web/assets/images/prettyPhoto/dark_rounded/sprite.html]
[p.w3layouts.com/demos_new/template_demo/26-03-2020/freaky-liberty-demo_Free/549348864/web/assets/images/prettyPhoto/dark_rounded/contentPattern.html]
[p.w3layouts.com/demos_new/template_demo/26-03-2020/freaky-liberty-demo_Free/549348864/web/assets/images/prettyPhoto/dark_rounded/btnNext.html]
[p.w3layouts.com/demos_new/template_demo/26-03-2020/freaky-liberty-demo_Free/549348864/web/assets/images/prettyPhoto/dark_rounded/btnPrevious.html]
[p.w3layouts.com/demos_new/template_demo/26-03-2020/freaky-liberty-demo_Free/549348864/web/assets/images/prettyPhoto/dark_rounded/loader.html]
[p.w3layouts.com/demos_new/template_demo/26-03-2020/freaky-liberty-demo_Free/549348864/web/assets/images/prettyPhoto/dark_square/contentPattern.html]
[p.w3layouts.com/demos_new/template_demo/26-03-2020/freaky-liberty-demo_Free/549348864/web/assets/images/prettyPhoto/dark_square/sprite.html]
[p.w3layouts.com/demos_new/template_demo/26-03-2020/freaky-liberty-demo_Free/549348864/web/assets/images/prettyPhoto/dark_square/btnNext.html]
[p.w3layouts.com/demos_new/template_demo/26-03-2020/freaky-liberty-demo_Free/549348864/web/assets/images/prettyPhoto/dark_square/btnPrevious.html]
[p.w3layouts.com/demos_new/template_demo/26-03-2020/freaky-liberty-demo_Free/549348864/web/assets/images/prettyPhoto/light_square/sprite.html]
[p.w3layouts.com/demos_new/template_demo/26-03-2020/freaky-liberty-demo_Free/549348864/web/assets/images/prettyPhoto/light_square/btnNext.html]
[p.w3layouts.com/demos_new/template_demo/26-03-2020/freaky-liberty-demo_Free/549348864/web/assets/images/prettyPhoto/light_square/btnPrevious.html]
[p.w3layouts.com/demos_new/template_demo/26-03-2020/freaky-liberty-demo_Free/549348864/web/assets/images/prettyPhoto/facebook/sprite.html]
[p.w3layouts.com/demos_new/template_demo/26-03-2020/freaky-liberty-demo_Free/549348864/web/assets/images/prettyPhoto/facebook/contentPatternTop.html]
[p.w3layouts.com/demos_new/template_demo/26-03-2020/freaky-liberty-demo_Free/549348864/web/assets/images/prettyPhoto/facebook/contentPatternLeft.html]
[p.w3layouts.com/demos_new/template_demo/26-03-2020/freaky-liberty-demo_Free/549348864/web/assets/images/prettyPhoto/facebook/contentPatternRight.html]
[p.w3layouts.com/demos_new/template_demo/26-03-2020/freaky-liberty-demo_Free/549348864/web/assets/images/prettyPhoto/facebook/loader.html]
[p.w3layouts.com/demos_new/template_demo/26-03-2020/freaky-liberty-demo_Free/549348864/web/assets/images/prettyPhoto/facebook/btnNext.html]
[p.w3layouts.com/demos_new/template_demo/26-03-2020/freaky-liberty-demo_Free/549348864/web/assets/images/prettyPhoto/facebook/btnPrevious.html]
[p.w3layouts.com/demos_new/template_demo/26-03-2020/freaky-liberty-demo_Free/549348864/web/assets/images/prettyPhoto/facebook/contentPatternBottom.html]
[p.w3layouts.com/demos_new/template_demo/26-03-2020/freaky-liberty-demo_Free/549348864/web/assets/images/prettyPhoto/facebook/default_thumbnail.html]
[p.w3layouts.com/demos_new/template_demo/26-03-2020/freaky-liberty-demo_Free/549348864/web/assets/css/owl.video.play.html]
[p.w3layouts.com/demos_new/template_demo/26-03-2020/freaky-liberty-demo_Free/549348864/web/assets/js/aos.html]
[p.w3layouts.com/demos_new/template_demo/26-03-2020/freaky-liberty-demo_Free/549348864/web/assets/js/aosindex.html]
